<?xml version="1.0" encoding="UTF-8"?>
<!-- Generated by org.testng.reporters.JUnitXMLReporter -->
<testsuite hostname="Dafnee" ignored="0" name="Test" tests="1" failures="0" timestamp="2021-06-25T23:31:09 IST" time="1.086" errors="0">
  <testcase name="@BeforeMethod beforeMethod" time="0.0" classname="common.LennoxProsMethods">
    <failure type="java.lang.NullPointerException">
      <![CDATA[java.lang.NullPointerException
at common.SeleniumMethods.startApp(SeleniumMethods.java:44)
at common.LennoxProsMethods.beforeMethod(LennoxProsMethods.java:31)
at java.util.ArrayList.forEach(ArrayList.java:1257)
... Removed 31 stack frames]]>
    </failure>
  </testcase> <!-- @BeforeMethod beforeMethod -->
  <testcase name="@AfterMethod afterMethod" time="-1.624644069416E9" classname="common.LennoxProsMethods">
    <skipped/>
  </testcase> <!-- @AfterMethod afterMethod -->
  <testcase name="testCase" time="0.0" classname="testcases.Testcase1">
    <skipped/>
  </testcase> <!-- testCase -->
</testsuite> <!-- Test -->
